<?xml version="1.0" encoding="UTF-8"?>
<!-- Generated by org.testng.reporters.JUnitReportReporter -->
<testsuite hostname="dlusgu10943021a" name="com.mfs.tests.NewTest" tests="1" failures="0" timestamp="2 Jun 2016 02:38:20 GMT" time="0.001" errors="0">
  <testcase name="dummytest" time="0.001" classname="com.mfs.tests.NewTest"/>
</testsuite> <!-- com.mfs.tests.NewTest -->
