<?xml version="1.0" encoding="UTF-8"?>
<!-- Generated by org.testng.reporters.JUnitReportReporter -->
<testsuite hostname="DLUCBHAKA46325" name="com.test.DummyTest" tests="1" failures="0" timestamp="10 Jun 2016 10:51:58 GMT" time="0.010" errors="0">
  <testcase name="hello" time="0.010" classname="com.test.DummyTest"/>
</testsuite> <!-- com.test.DummyTest -->
